<?xml version="1.0" encoding="UTF-8"?>
<!-- Generated by org.testng.reporters.JUnitXMLReporter -->
<testsuite hostname="IN1WXL-522493" name="Test" tests="12" failures="0" timestamp="2 Dec 2018 09:25:48 GMT" time="362.056" errors="0">
  <testcase name="createNewDealsTest" time="2.844" classname="com.crm.qa.test.DealsPageTest"/>
  <testcase name="createNewDealsTest" time="2.944" classname="com.crm.qa.test.DealsPageTest"/>
  <testcase name="createNewDealsTest" time="2.198" classname="com.crm.qa.test.DealsPageTest"/>
  <testcase name="getContactLabelTest" time="0.028" classname="com.crm.qa.test.contactPageTest"/>
  <testcase name="selectContactsTest" time="0.093" classname="com.crm.qa.test.contactPageTest"/>
  <testcase name="usernameTest" time="0.075" classname="com.crm.qa.test.HomePageTest"/>
  <testcase name="homePageTitleTest" time="0.007" classname="com.crm.qa.test.HomePageTest"/>
  <testcase name="clickContactTabTest" time="1.234" classname="com.crm.qa.test.HomePageTest"/>
  <testcase name="loginTest" time="9.877" classname="com.crm.qa.test.LoginPageTest"/>
  <testcase name="logoTest" time="0.036" classname="com.crm.qa.test.LoginPageTest"/>
  <testcase name="signUpLinkTest" time="7.3" classname="com.crm.qa.test.LoginPageTest"/>
  <testcase name="titleTest" time="0.006" classname="com.crm.qa.test.LoginPageTest"/>
</testsuite> <!-- Test -->
