<?xml version="1.0" encoding="UTF-8"?>
<!-- Generated by org.testng.reporters.JUnitXMLReporter -->
<testsuite hostname="IN1WXL-522493" ignored="0" name="Free CRM Test" tests="12" failures="0" timestamp="01 Dec 2018 07:55:53 GMT" time="317.273" errors="0">
  <testcase name="loginTest" time="12.716" classname="com.crm.qa.test.LoginPageTest"/>
  <testcase name="logoTest" time="0.058" classname="com.crm.qa.test.LoginPageTest"/>
  <testcase name="signUpLinkTest" time="6.42" classname="com.crm.qa.test.LoginPageTest"/>
  <testcase name="titleTest" time="0.008" classname="com.crm.qa.test.LoginPageTest"/>
  <testcase name="createNewDealsTest" time="2.184" classname="com.crm.qa.test.DealsPageTest"/>
  <testcase name="createNewDealsTest" time="2.096" classname="com.crm.qa.test.DealsPageTest"/>
  <testcase name="createNewDealsTest" time="2.249" classname="com.crm.qa.test.DealsPageTest"/>
  <testcase name="usernameTest" time="0.089" classname="com.crm.qa.test.HomePageTest"/>
  <testcase name="getContactLabelTest" time="0.028" classname="com.crm.qa.test.contactPageTest"/>
  <testcase name="homePageTitleTest" time="0.01" classname="com.crm.qa.test.HomePageTest"/>
  <testcase name="selectContactsTest" time="0.092" classname="com.crm.qa.test.contactPageTest"/>
  <testcase name="clickContactTabTest" time="1.325" classname="com.crm.qa.test.HomePageTest"/>
</testsuite> <!-- Free CRM Test -->
