<?xml version="1.0" encoding="UTF-8"?>
<testsuite name="TestSuite" time="26.642" tests="12" errors="0" skipped="0" failures="0">
  <properties>
[...]
</properties>
  <testcase name="createNewDealsTest" classname="com.crm.qa.test.DealsPageTest" time="2.844"/>
  <testcase name="createNewDealsTest" classname="com.crm.qa.test.DealsPageTest" time="2.944"/>
  <testcase name="createNewDealsTest" classname="com.crm.qa.test.DealsPageTest" time="2.198"/>
  <testcase name="getContactLabelTest" classname="com.crm.qa.test.contactPageTest" time="0.028"/>
  <testcase name="selectContactsTest" classname="com.crm.qa.test.contactPageTest" time="0.093"/>
  <testcase name="usernameTest" classname="com.crm.qa.test.HomePageTest" time="0.075"/>
  <testcase name="homePageTitleTest" classname="com.crm.qa.test.HomePageTest" time="0.007"/>
  <testcase name="clickContactTabTest" classname="com.crm.qa.test.HomePageTest" time="1.234"/>
  <testcase name="loginTest" classname="com.crm.qa.test.LoginPageTest" time="9.877"/>
  <testcase name="logoTest" classname="com.crm.qa.test.LoginPageTest" time="0.036"/>
  <testcase name="signUpLinkTest" classname="com.crm.qa.test.LoginPageTest" time="7.3"/>
  <testcase name="titleTest" classname="com.crm.qa.test.LoginPageTest" time="0.006"/>
</testsuite>